harris-java/app/build/outputs/logs/manifest-merger-debug-report.txt
-- Merging decision tree log ---
manifest
ADDED from src/main/AndroidManifest.xml:2:1-39:12
	package
		ADDED from src/main/AndroidManifest.xml:3:5-47
		INJECTED from src/main/AndroidManifest.xml
		INJECTED from src/main/AndroidManifest.xml
	android:versionName
		ADDED from src/main/AndroidManifest.xml:5:5-30
	android:versionCode
		ADDED from src/main/AndroidManifest.xml:4:5-28
		INJECTED from src/main/AndroidManifest.xml
		INJECTED from src/main/AndroidManifest.xml
	xmlns:android
		ADDED from src/main/AndroidManifest.xml:2:11-69
uses-sdk
ADDED from src/main/AndroidManifest.xml:7:5-9:41
	android:targetSdkVersion
		ADDED from src/main/AndroidManifest.xml:9:9-38
		INJECTED from src/main/AndroidManifest.xml
		INJECTED from src/main/AndroidManifest.xml
	android:minSdkVersion
		ADDED from src/main/AndroidManifest.xml:8:9-35
		INJECTED from src/main/AndroidManifest.xml
		INJECTED from src/main/AndroidManifest.xml
uses-feature#android.hardware.camera
ADDED from src/main/AndroidManifest.xml:11:5-13:35
	android:required
		ADDED from src/main/AndroidManifest.xml:13:9-32
	android:name
		ADDED from src/main/AndroidManifest.xml:12:9-47
uses-permission#android.permission.CAMERA
ADDED from src/main/AndroidManifest.xml:15:5-65
	android:name
		ADDED from src/main/AndroidManifest.xml:15:22-62
uses-permission#android.permission.WRITE_EXTERNAL_STORAGE
ADDED from src/main/AndroidManifest.xml:17:5-81
	android:name
		ADDED from src/main/AndroidManifest.xml:17:22-78
uses-permission#android.permission.READ_PHONE_STATE
ADDED from src/main/AndroidManifest.xml:18:5-75
	android:name
		ADDED from src/main/AndroidManifest.xml:18:22-72
uses-permission#android.permission.READ_EXTERNAL_STORAGE
ADDED from src/main/AndroidManifest.xml:19:5-80
	android:name
		ADDED from src/main/AndroidManifest.xml:19:22-77
application
ADDED from src/main/AndroidManifest.xml:21:5-37:19
	android:label
		ADDED from src/main/AndroidManifest.xml:24:9-41
	android:allowBackup
		ADDED from src/main/AndroidManifest.xml:22:9-35
	android:icon
		ADDED from src/main/AndroidManifest.xml:23:9-45
	android:theme
		ADDED from src/main/AndroidManifest.xml:25:9-59
activity#org.v4vision.reVision.harrisjava.JavaActivity
ADDED from src/main/AndroidManifest.xml:27:9-36:20
	android:screenOrientation
		ADDED from src/main/AndroidManifest.xml:30:13-50
	android:label
		ADDED from src/main/AndroidManifest.xml:29:13-45
	android:name
		ADDED from src/main/AndroidManifest.xml:28:13-73
intent-filter#android.intent.action.MAIN+android.intent.category.LAUNCHER
ADDED from src/main/AndroidManifest.xml:31:13-35:29
action#android.intent.action.MAIN
ADDED from src/main/AndroidManifest.xml:32:17-69
	android:name
		ADDED from src/main/AndroidManifest.xml:32:25-66
category#android.intent.category.LAUNCHER
ADDED from src/main/AndroidManifest.xml:34:17-77
	android:name
		ADDED from src/main/AndroidManifest.xml:34:27-74